Performing C SOURCE FILE Test CMAKE_HAVE_LIBC_PTHREAD failed with the following output:
Change Dir: /home/pi/amazon-kinesis-video-streams-producer-sdk-cpp/build/CMakeFiles/CMakeTmp

Run Build Command(s):/usr/bin/gmake cmTC_b02bb/fast && /usr/bin/gmake  -f CMakeFiles/cmTC_b02bb.dir/build.make CMakeFiles/cmTC_b02bb.dir/build
gmake[1]: Entering directory '/home/pi/amazon-kinesis-video-streams-producer-sdk-cpp/build/CMakeFiles/CMakeTmp'
Building C object CMakeFiles/cmTC_b02bb.dir/src.c.o
/usr/bin/cc   -DCMAKE_HAVE_LIBC_PTHREAD -o CMakeFiles/cmTC_b02bb.dir/src.c.o -c /home/pi/amazon-kinesis-video-streams-producer-sdk-cpp/build/CMakeFiles/CMakeTmp/src.c
Linking C executable cmTC_b02bb
/usr/bin/cmake -E cmake_link_script CMakeFiles/cmTC_b02bb.dir/link.txt --verbose=1
/usr/bin/cc  -DCMAKE_HAVE_LIBC_PTHREAD -rdynamic CMakeFiles/cmTC_b02bb.dir/src.c.o -o cmTC_b02bb 
/usr/bin/ld: CMakeFiles/cmTC_b02bb.dir/src.c.o: in function `main':
src.c:(.text+0x40): undefined reference to `pthread_create'
/usr/bin/ld: src.c:(.text+0x4c): undefined reference to `pthread_detach'
/usr/bin/ld: src.c:(.text+0x58): undefined reference to `pthread_cancel'
/usr/bin/ld: src.c:(.text+0x68): undefined reference to `pthread_join'
collect2: error: ld returned 1 exit status
gmake[1]: *** [CMakeFiles/cmTC_b02bb.dir/build.make:106: cmTC_b02bb] Error 1
gmake[1]: Leaving directory '/home/pi/amazon-kinesis-video-streams-producer-sdk-cpp/build/CMakeFiles/CMakeTmp'
gmake: *** [Makefile:140: cmTC_b02bb/fast] Error 2


Source file was:
#include <pthread.h>

void* test_func(void* data)
{
  return data;
}

int main(void)
{
  pthread_t thread;
  pthread_create(&thread, NULL, test_func, NULL);
  pthread_detach(thread);
  pthread_cancel(thread);
  pthread_join(thread, NULL);
  pthread_atfork(NULL, NULL, NULL);
  pthread_exit(NULL);

  return 0;
}

